<?xml version="1.0" encoding="UTF-8"?>
<testsuite xmlns:xsi="http://www.w3.org/2001/XMLSchema-instance" xsi:noNamespaceSchemaLocation="https://maven.apache.org/surefire/maven-surefire-plugin/xsd/surefire-test-report.xsd" name="org.apache.http.nio.protocol.TestHttpAsyncService" time="0.04" tests="47" errors="0" skipped="0" failures="0">
  <properties>
    <property name="java.runtime.name" value="Java(TM) SE Runtime Environment"/>
    <property name="sun.boot.library.path" value="/Library/Java/JavaVirtualMachines/jdk1.8.0_121.jdk/Contents/Home/jre/lib"/>
    <property name="java.vm.version" value="25.121-b13"/>
    <property name="gopherProxySet" value="false"/>
    <property name="java.vm.vendor" value="Oracle Corporation"/>
    <property name="maven.multiModuleProjectDirectory" value="/Users/christopherhelms/Code/CryptoRari/lib/httpcomponents-core-4.4.8"/>
    <property name="java.vendor.url" value="http://java.oracle.com/"/>
    <property name="path.separator" value=":"/>
    <property name="guice.disable.misplaced.annotation.check" value="true"/>
    <property name="java.vm.name" value="Java HotSpot(TM) 64-Bit Server VM"/>
    <property name="file.encoding.pkg" value="sun.io"/>
    <property name="user.country" value="US"/>
    <property name="sun.java.launcher" value="SUN_STANDARD"/>
    <property name="sun.os.patch.level" value="unknown"/>
    <property name="java.vm.specification.name" value="Java Virtual Machine Specification"/>
    <property name="user.dir" value="/Users/christopherhelms/Code/CryptoRari/lib/httpcomponents-core-4.4.8"/>
    <property name="java.runtime.version" value="1.8.0_121-b13"/>
    <property name="java.awt.graphicsenv" value="sun.awt.CGraphicsEnvironment"/>
    <property name="java.endorsed.dirs" value="/Library/Java/JavaVirtualMachines/jdk1.8.0_121.jdk/Contents/Home/jre/lib/endorsed"/>
    <property name="os.arch" value="x86_64"/>
    <property name="java.io.tmpdir" value="/var/folders/by/7gmt3p2j43dcq36ckdjlhm4m0000gn/T/"/>
    <property name="line.separator" value="&#10;"/>
    <property name="java.vm.specification.vendor" value="Oracle Corporation"/>
    <property name="os.name" value="Mac OS X"/>
    <property name="classworlds.conf" value="/usr/local/Cellar/maven/3.5.2/libexec/bin/m2.conf"/>
    <property name="sun.jnu.encoding" value="UTF-8"/>
    <property name="java.library.path" value="/Users/christopherhelms/Library/Java/Extensions:/Library/Java/Extensions:/Network/Library/Java/Extensions:/System/Library/Java/Extensions:/usr/lib/java:."/>
    <property name="maven.conf" value="/usr/local/Cellar/maven/3.5.2/libexec/conf"/>
    <property name="java.specification.name" value="Java Platform API Specification"/>
    <property name="java.class.version" value="52.0"/>
    <property name="sun.management.compiler" value="HotSpot 64-Bit Tiered Compilers"/>
    <property name="os.version" value="10.12.5"/>
    <property name="library.jansi.path" value="/usr/local/Cellar/maven/3.5.2/libexec/lib/jansi-native"/>
    <property name="http.nonProxyHosts" value="local|*.local|169.254/16|*.169.254/16"/>
    <property name="user.home" value="/Users/christopherhelms"/>
    <property name="user.timezone" value="America/New_York"/>
    <property name="java.awt.printerjob" value="sun.lwawt.macosx.CPrinterJob"/>
    <property name="java.specification.version" value="1.8"/>
    <property name="file.encoding" value="UTF-8"/>
    <property name="user.name" value="christopherhelms"/>
    <property name="java.class.path" value="/usr/local/Cellar/maven/3.5.2/libexec/boot/plexus-classworlds-2.5.2.jar"/>
    <property name="java.vm.specification.version" value="1.8"/>
    <property name="sun.arch.data.model" value="64"/>
    <property name="java.home" value="/Library/Java/JavaVirtualMachines/jdk1.8.0_121.jdk/Contents/Home/jre"/>
    <property name="sun.java.command" value="org.codehaus.plexus.classworlds.launcher.Launcher install"/>
    <property name="java.specification.vendor" value="Oracle Corporation"/>
    <property name="user.language" value="en"/>
    <property name="awt.toolkit" value="sun.lwawt.macosx.LWCToolkit"/>
    <property name="java.vm.info" value="mixed mode"/>
    <property name="java.version" value="1.8.0_121"/>
    <property name="java.ext.dirs" value="/Users/christopherhelms/Library/Java/Extensions:/Library/Java/JavaVirtualMachines/jdk1.8.0_121.jdk/Contents/Home/jre/lib/ext:/Library/Java/Extensions:/Network/Library/Java/Extensions:/System/Library/Java/Extensions:/usr/lib/java"/>
    <property name="sun.boot.class.path" value="/Library/Java/JavaVirtualMachines/jdk1.8.0_121.jdk/Contents/Home/jre/lib/resources.jar:/Library/Java/JavaVirtualMachines/jdk1.8.0_121.jdk/Contents/Home/jre/lib/rt.jar:/Library/Java/JavaVirtualMachines/jdk1.8.0_121.jdk/Contents/Home/jre/lib/sunrsasign.jar:/Library/Java/JavaVirtualMachines/jdk1.8.0_121.jdk/Contents/Home/jre/lib/jsse.jar:/Library/Java/JavaVirtualMachines/jdk1.8.0_121.jdk/Contents/Home/jre/lib/jce.jar:/Library/Java/JavaVirtualMachines/jdk1.8.0_121.jdk/Contents/Home/jre/lib/charsets.jar:/Library/Java/JavaVirtualMachines/jdk1.8.0_121.jdk/Contents/Home/jre/lib/jfr.jar:/Library/Java/JavaVirtualMachines/jdk1.8.0_121.jdk/Contents/Home/jre/classes"/>
    <property name="java.vendor" value="Oracle Corporation"/>
    <property name="maven.home" value="/usr/local/Cellar/maven/3.5.2/libexec"/>
    <property name="file.separator" value="/"/>
    <property name="java.vendor.url.bug" value="http://bugreport.sun.com/bugreport/"/>
    <property name="sun.cpu.endian" value="little"/>
    <property name="sun.io.unicode.encoding" value="UnicodeBig"/>
    <property name="socksNonProxyHosts" value="local|*.local|169.254/16|*.169.254/16"/>
    <property name="ftp.nonProxyHosts" value="local|*.local|169.254/16|*.169.254/16"/>
    <property name="sun.cpu.isalist" value=""/>
  </properties>
  <testcase name="testRequestContentCompleted" classname="org.apache.http.nio.protocol.TestHttpAsyncService" time="0.013"/>
  <testcase name="testEndOfInput" classname="org.apache.http.nio.protocol.TestHttpAsyncService" time="0.001"/>
  <testcase name="testRequestExpectationNoHandshakeIfMoreInputAvailable" classname="org.apache.http.nio.protocol.TestHttpAsyncService" time="0.004"/>
  <testcase name="testBasicResponseNoKeepAlive" classname="org.apache.http.nio.protocol.TestHttpAsyncService" time="0"/>
  <testcase name="testInvalidResponseStatusToExpection" classname="org.apache.http.nio.protocol.TestHttpAsyncService" time="0.001"/>
  <testcase name="testResponseFailedExpectation" classname="org.apache.http.nio.protocol.TestHttpAsyncService" time="0"/>
  <testcase name="testResponseToHead" classname="org.apache.http.nio.protocol.TestHttpAsyncService" time="0.001"/>
  <testcase name="testResponseContentCompletedNoKeepAlive" classname="org.apache.http.nio.protocol.TestHttpAsyncService" time="0.001"/>
  <testcase name="testResponseTrigger" classname="org.apache.http.nio.protocol.TestHttpAsyncService" time="0"/>
  <testcase name="testBasicResponseWithPipelining" classname="org.apache.http.nio.protocol.TestHttpAsyncService" time="0.001"/>
  <testcase name="testTimeoutActiveConnection" classname="org.apache.http.nio.protocol.TestHttpAsyncService" time="0.001"/>
  <testcase name="testResponseContinue" classname="org.apache.http.nio.protocol.TestHttpAsyncService" time="0"/>
  <testcase name="testRequestExpectationNoHandshakeIfPipelineNotEmpty" classname="org.apache.http.nio.protocol.TestHttpAsyncService" time="0.001"/>
  <testcase name="testEntityEnclosingRequest" classname="org.apache.http.nio.protocol.TestHttpAsyncService" time="0"/>
  <testcase name="testExceptionHandlingNoState" classname="org.apache.http.nio.protocol.TestHttpAsyncService" time="0.001"/>
  <testcase name="testBasicRequest" classname="org.apache.http.nio.protocol.TestHttpAsyncService" time="0.001"/>
  <testcase name="testExceptionHandlingRuntimeException" classname="org.apache.http.nio.protocol.TestHttpAsyncService" time="0.001"/>
  <testcase name="testBasicResponse" classname="org.apache.http.nio.protocol.TestHttpAsyncService" time="0.001"/>
  <testcase name="testConnected" classname="org.apache.http.nio.protocol.TestHttpAsyncService" time="0"/>
  <testcase name="testResponseTriggerInvalidResponseProducer" classname="org.apache.http.nio.protocol.TestHttpAsyncService" time="0"/>
  <testcase name="testEntityEnclosingResponse" classname="org.apache.http.nio.protocol.TestHttpAsyncService" time="0.001"/>
  <testcase name="testRequestPipelineIfResponseInitiated" classname="org.apache.http.nio.protocol.TestHttpAsyncService" time="0"/>
  <testcase name="testResponsePipelinedEmpty" classname="org.apache.http.nio.protocol.TestHttpAsyncService" time="0.001"/>
  <testcase name="testEntityEnclosingRequestContinueWithoutVerification" classname="org.apache.http.nio.protocol.TestHttpAsyncService" time="0"/>
  <testcase name="testHttpExceptionHandling" classname="org.apache.http.nio.protocol.TestHttpAsyncService" time="0.001"/>
  <testcase name="testResponseNotModified" classname="org.apache.http.nio.protocol.TestHttpAsyncService" time="0"/>
  <testcase name="testRequestPipelineIfPipelineNotEmpty" classname="org.apache.http.nio.protocol.TestHttpAsyncService" time="0"/>
  <testcase name="testRequestNoMatchingHandler" classname="org.apache.http.nio.protocol.TestHttpAsyncService" time="0.001"/>
  <testcase name="testHttpExceptionHandlingResponseSubmitted" classname="org.apache.http.nio.protocol.TestHttpAsyncService" time="0"/>
  <testcase name="testRequestExpectationFailed" classname="org.apache.http.nio.protocol.TestHttpAsyncService" time="0.001"/>
  <testcase name="testRequestExpectationFailedInvalidResponseProducer" classname="org.apache.http.nio.protocol.TestHttpAsyncService" time="0"/>
  <testcase name="testClosed" classname="org.apache.http.nio.protocol.TestHttpAsyncService" time="0"/>
  <testcase name="testResponseContentCompleted" classname="org.apache.http.nio.protocol.TestHttpAsyncService" time="0"/>
  <testcase name="testResponseContent" classname="org.apache.http.nio.protocol.TestHttpAsyncService" time="0.001"/>
  <testcase name="testResponseHandlePipelinedRequest" classname="org.apache.http.nio.protocol.TestHttpAsyncService" time="0"/>
  <testcase name="testTimeoutClosingConnection" classname="org.apache.http.nio.protocol.TestHttpAsyncService" time="0.001"/>
  <testcase name="testInvalidConstruction" classname="org.apache.http.nio.protocol.TestHttpAsyncService" time="0"/>
  <testcase name="testRequestExpectationNoHandshakeIfResponseInitiated" classname="org.apache.http.nio.protocol.TestHttpAsyncService" time="0"/>
  <testcase name="testEndOfInputNoTimeout" classname="org.apache.http.nio.protocol.TestHttpAsyncService" time="0"/>
  <testcase name="testRequestContinue" classname="org.apache.http.nio.protocol.TestHttpAsyncService" time="0.001"/>
  <testcase name="testInvalidResponseStatus" classname="org.apache.http.nio.protocol.TestHttpAsyncService" time="0"/>
  <testcase name="testHttpExceptionHandlingIOException" classname="org.apache.http.nio.protocol.TestHttpAsyncService" time="0"/>
  <testcase name="testRequestCompletedWithException" classname="org.apache.http.nio.protocol.TestHttpAsyncService" time="0.001"/>
  <testcase name="testTimeoutActiveConnectionBufferedData" classname="org.apache.http.nio.protocol.TestHttpAsyncService" time="0"/>
  <testcase name="testResponseHandleFailedPipelinedRequest" classname="org.apache.http.nio.protocol.TestHttpAsyncService" time="0.001"/>
  <testcase name="testEntityEnclosingRequestExpectationVerification" classname="org.apache.http.nio.protocol.TestHttpAsyncService" time="0.002"/>
  <testcase name="testRequestContent" classname="org.apache.http.nio.protocol.TestHttpAsyncService" time="0"/>
</testsuite>